<?xml version="1.0" encoding="UTF-8"?>
<!-- Generated by org.testng.reporters.JUnitReportReporter -->
<testsuite skipped="0" hostname="LT071993" name="BusinessComponent.Ranorex" tests="2" failures="0" timestamp="09 Feb 2018 12:38:49 GMT" time="43.042" errors="0">
  <testcase name="registrationRanorex" time="14.442" classname="BusinessComponent.Ranorex"/>
  <testcase name="verifyUI" time="28.600" classname="BusinessComponent.Ranorex"/>
</testsuite> <!-- BusinessComponent.Ranorex -->
